# JRE version: Java(TM) SE Runtime Environment (13.0.1+9) (build 13.0.1+9)
# Java VM: Java HotSpot(TM) 64-Bit Server VM (13.0.1+9, mixed mode, sharing, tiered, compressed oops, g1 gc, windows-amd64)
Heap:
 garbage-first heap   total 49152K, used 13105K [0x00000000c1c00000, 0x0000000100000000)
  region size 1024K, 3 young (3072K), 3 survivors (3072K)
 Metaspace       used 21555K, capacity 22571K, committed 22704K, reserved 1069056K
  class space    used 2516K, capacity 2749K, committed 2816K, reserved 1048576K
GC Heap History (9 events):
Event: 0.512 GC heap before
{Heap before GC invocations=0 (full 0):
 garbage-first heap   total 65536K, used 23552K [0x00000000c1c00000, 0x0000000100000000)
  region size 1024K, 24 young (24576K), 0 survivors (0K)
 Metaspace       used 4774K, capacity 7493K, committed 7552K, reserved 1056768K
  class space    used 596K, capacity 884K, committed 896K, reserved 1048576K
}
Event: 0.518 GC heap after
{Heap after GC invocations=1 (full 0):
 garbage-first heap   total 65536K, used 3349K [0x00000000c1c00000, 0x0000000100000000)
  region size 1024K, 3 young (3072K), 3 survivors (3072K)
 Metaspace       used 4774K, capacity 7493K, committed 7552K, reserved 1056768K
  class space    used 596K, capacity 884K, committed 896K, reserved 1048576K
}
Event: 1.075 GC heap before
{Heap before GC invocations=1 (full 0):
 garbage-first heap   total 65536K, used 39189K [0x00000000c1c00000, 0x0000000100000000)
  region size 1024K, 38 young (38912K), 3 survivors (3072K)
 Metaspace       used 10405K, capacity 12434K, committed 12672K, reserved 1060864K
  class space    used 1300K, capacity 1555K, committed 1664K, reserved 1048576K
}
Event: 1.083 GC heap after
{Heap after GC invocations=2 (full 0):
 garbage-first heap   total 65536K, used 5449K [0x00000000c1c00000, 0x0000000100000000)
  region size 1024K, 3 young (3072K), 3 survivors (3072K)
 Metaspace       used 10405K, capacity 12434K, committed 12672K, reserved 1060864K
  class space    used 1300K, capacity 1555K, committed 1664K, reserved 1048576K
}
Event: 1.839 GC heap before
{Heap before GC invocations=2 (full 0):
 garbage-first heap   total 65536K, used 41289K [0x00000000c1c00000, 0x0000000100000000)
  region size 1024K, 38 young (38912K), 3 survivors (3072K)
 Metaspace       used 13302K, capacity 15042K, committed 15232K, reserved 1062912K
  class space    used 1571K, capacity 1828K, committed 1920K, reserved 1048576K
}
Event: 1.846 GC heap after
{Heap after GC invocations=3 (full 0):
 garbage-first heap   total 65536K, used 7487K [0x00000000c1c00000, 0x0000000100000000)
  region size 1024K, 5 young (5120K), 5 survivors (5120K)
 Metaspace       used 13302K, capacity 15042K, committed 15232K, reserved 1062912K
  class space    used 1571K, capacity 1828K, committed 1920K, reserved 1048576K
}
Event: 3.827 GC heap before
{Heap before GC invocations=3 (full 0):
 garbage-first heap   total 65536K, used 34111K [0x00000000c1c00000, 0x0000000100000000)
  region size 1024K, 32 young (32768K), 5 survivors (5120K)
 Metaspace       used 19780K, capacity 21103K, committed 21296K, reserved 1069056K
  class space    used 2350K, capacity 2601K, committed 2688K, reserved 1048576K
}
Event: 3.839 GC heap after
{Heap after GC invocations=4 (full 0):
 garbage-first heap   total 65536K, used 10120K [0x00000000c1c00000, 0x0000000100000000)
  region size 1024K, 5 young (5120K), 5 survivors (5120K)
 Metaspace       used 19780K, capacity 21103K, committed 21296K, reserved 1069056K
  class space    used 2350K, capacity 2601K, committed 2688K, reserved 1048576K
}
Event: 4.084 GC heap before
{Heap before GC invocations=5 (full 0):
 garbage-first heap   total 40960K, used 29576K [0x00000000c1c00000, 0x0000000100000000)
  region size 1024K, 24 young (24576K), 5 survivors (5120K)
 Metaspace       used 21555K, capacity 22571K, committed 22704K, reserved 1069056K
  class space    used 2516K, capacity 2749K, committed 2816K, reserved 1048576K
}

